root@ethtest:/project/src/github.com/hyperledger-labs/fabric-private-chaincode# make
# install goimports if not present
go  get golang.org/x/tools/cmd/goimports
go: finding golang.org/x/tools latest
go  get github.com/spf13/viper
go  get golang.org/x/sync/semaphore
go: finding golang.org/x/sync latest
go  get github.com/pkg/errors
go  get github.com/golang/protobuf/proto
go  get github.com/onsi/ginkgo
go  get github.com/onsi/gomega
go  get github.com/gin-contrib/cors
go  get github.com/gin-gonic/gin
go  get github.com/dustin/go-broadcast
go: finding github.com/dustin/go-broadcast latest
make -C utils build || exit;  make -C ercc build || exit;  make -C ecc_enclave build || exit;  make -C ecc build || exit;  make -C tlcc_enclave build || exit;  make -C tlcc build || exit;  make -C examples build || exit;  make -C integration build || exit;  make -C demo build || exit;
make[1]: Entering directory '/project/src/github.com/hyperledger-labs/fabric-private-chaincode/utils'
make -C docker build || exit ;  make -C fabric build || exit ;  make -C docker-compose build || exit ;
make[2]: Entering directory '/project/src/github.com/hyperledger-labs/fabric-private-chaincode/utils/docker'
docker  build  --build-arg FPC_VERSION=cr1.0.1 -t hyperledger/fabric-private-chaincode-base base
free(): invalid pointer
SIGABRT: abort
PC=0x7f54f6594f47 m=0 sigcode=18446744073709551610
signal arrived during cgo execution

goroutine 1 [syscall, locked to thread]:
runtime.cgocall(0x4afd50, 0xc420053cc0, 0xc420053ce8)
	/usr/lib/go-1.8/src/runtime/cgocall.go:131 +0xe2 fp=0xc420053c90 sp=0xc420053c50
github.com/docker/docker-credential-helpers/secretservice._Cfunc_free(0x16b2da0)
	github.com/docker/docker-credential-helpers/secretservice/_obj/_cgo_gotypes.go:111 +0x41 fp=0xc420053cc0 sp=0xc420053c90
github.com/docker/docker-credential-helpers/secretservice.Secretservice.List.func5(0x16b2da0)
	/build/golang-github-docker-docker-credential-helpers-cMhSy1/golang-github-docker-docker-credential-helpers-0.5.0/obj-x86_64-linux-gnu/src/github.com/docker/docker-credential-helpers/secretservice/secretservice_linux.go:96 +0x60 fp=0xc420053cf8 sp=0xc420053cc0
github.com/docker/docker-credential-helpers/secretservice.Secretservice.List(0x0, 0x756060, 0xc4200143a0)
	/build/golang-github-docker-docker-credential-helpers-cMhSy1/golang-github-docker-docker-credential-helpers-0.5.0/obj-x86_64-linux-gnu/src/github.com/docker/docker-credential-helpers/secretservice/secretservice_linux.go:97 +0x217 fp=0xc420053da0 sp=0xc420053cf8
github.com/docker/docker-credential-helpers/secretservice.(*Secretservice).List(0x77e548, 0xc420053e88, 0x410022, 0xc420014300)
	<autogenerated>:4 +0x46 fp=0xc420053de0 sp=0xc420053da0
github.com/docker/docker-credential-helpers/credentials.List(0x756ba0, 0x77e548, 0x7560e0, 0xc42000e018, 0x0, 0x10)
	/build/golang-github-docker-docker-credential-helpers-cMhSy1/golang-github-docker-docker-credential-helpers-0.5.0/obj-x86_64-linux-gnu/src/github.com/docker/docker-credential-helpers/credentials/credentials.go:145 +0x3e fp=0xc420053e68 sp=0xc420053de0
github.com/docker/docker-credential-helpers/credentials.HandleCommand(0x756ba0, 0x77e548, 0x7ffd4143c5bb, 0x4, 0x7560a0, 0xc42000e010, 0x7560e0, 0xc42000e018, 0x40e398, 0x4d35c0)
	/build/golang-github-docker-docker-credential-helpers-cMhSy1/golang-github-docker-docker-credential-helpers-0.5.0/obj-x86_64-linux-gnu/src/github.com/docker/docker-credential-helpers/credentials/credentials.go:60 +0x16d fp=0xc420053ed8 sp=0xc420053e68
github.com/docker/docker-credential-helpers/credentials.Serve(0x756ba0, 0x77e548)
	/build/golang-github-docker-docker-credential-helpers-cMhSy1/golang-github-docker-docker-credential-helpers-0.5.0/obj-x86_64-linux-gnu/src/github.com/docker/docker-credential-helpers/credentials/credentials.go:41 +0x1cb fp=0xc420053f58 sp=0xc420053ed8
main.main()
	/build/golang-github-docker-docker-credential-helpers-cMhSy1/golang-github-docker-docker-credential-helpers-0.5.0/secretservice/cmd/main_linux.go:9 +0x4f fp=0xc420053f88 sp=0xc420053f58
runtime.main()
	/usr/lib/go-1.8/src/runtime/proc.go:185 +0x20a fp=0xc420053fe0 sp=0xc420053f88
runtime.goexit()
	/usr/lib/go-1.8/src/runtime/asm_amd64.s:2197 +0x1 fp=0xc420053fe8 sp=0xc420053fe0

goroutine 17 [syscall, locked to thread]:
runtime.goexit()
	/usr/lib/go-1.8/src/runtime/asm_amd64.s:2197 +0x1

rax    0x0
rbx    0x7ffd4143ba30
rcx    0x7f54f6594f47
rdx    0x0
rdi    0x2
rsi    0x7ffd4143b7c0
rbp    0x7ffd4143bb30
rsp    0x7ffd4143b7c0
r8     0x0
r9     0x7ffd4143b7c0
r10    0x8
r11    0x246
r12    0x7ffd4143ba30
r13    0x1000
r14    0x0
r15    0x30
rip    0x7f54f6594f47
rflags 0x246
cs     0x33
fs     0x0
gs     0x0
Sending build context to Docker daemon  3.072kB
Step 1/13 : FROM ubuntu:bionic
 ---> 6526a1858e5d
Step 2/13 : RUN apt-get update  && apt-get install -y     wget     curl     git     build-essential     ca-certificates     protobuf-compiler     python-protobuf     libprotobuf-dev     libssl-dev     libcurl4-openssl-dev     libtool     cmake     vim  && apt-get -y -q upgrade  && apt-get clean  && rm -rf /var/lib/apt/lists/*
 ---> Using cache
 ---> 46f41698b857
Step 3/13 : ARG SGX_REPO=https://download.01.org/intel-sgx/linux-2.6/ubuntu18.04-server
 ---> Using cache
 ---> b300b8359091
Step 4/13 : ARG SGX_LIB_COMMON=libsgx-enclave-common_2.6.100.51363-bionic1_amd64.deb
 ---> Using cache
 ---> 607374b2e871
Step 5/13 : ARG SGX_SDK_BIN=sgx_linux_x64_sdk_2.6.100.51363.bin
 ---> Using cache
 ---> 68127d04e6eb
Step 6/13 : RUN mkdir -p /opt/intel  && mkdir -p /etc/init
 ---> Using cache
 ---> 8aa35ee4445f
Step 7/13 : WORKDIR /opt/intel
 ---> Using cache
 ---> a2cf3151b7ef
Step 8/13 : RUN wget ${SGX_REPO}/${SGX_LIB_COMMON}  && dpkg -i ${SGX_LIB_COMMON}
 ---> Using cache
 ---> 14b2bdd4b7f8
Step 9/13 : RUN wget ${SGX_REPO}/${SGX_SDK_BIN}  && chmod +x ${SGX_SDK_BIN}  && echo "yes" | ./${SGX_SDK_BIN}  && rm ${SGX_SDK_BIN}
 ---> Using cache
 ---> 1f26b1758b00
Step 10/13 : ENV SGX_SDK=/opt/intel/sgxsdk
 ---> Using cache
 ---> 154b373a09e9
Step 11/13 : ENV PATH=$PATH:$SGX_SDK/bin:$SGX_SDK/bin/x64
 ---> Using cache
 ---> 023c1cef3cac
Step 12/13 : ENV PKG_CONFIG_PATH=$PKG_CONFIG_PATH:$SGX_SDK/pkgconfig
 ---> Using cache
 ---> 3f09467b17c3
Step 13/13 : ENV LD_LIBRARY_PATH=$LD_LIBRARY_PATH:$SGX_SDK/sdk_libs
 ---> Using cache
 ---> 9c5c4b2fef01
[Warning] One or more build-args [FPC_VERSION] were not consumed
Successfully built 9c5c4b2fef01
Successfully tagged hyperledger/fabric-private-chaincode-base:latest
docker  tag hyperledger/fabric-private-chaincode-base hyperledger/fabric-private-chaincode-base:cr1.0.1
docker  build  --build-arg FPC_VERSION=cr1.0.1 -t hyperledger/fabric-private-chaincode-ccenv ccenv
free(): invalid pointer
SIGABRT: abort
PC=0x7f1a9ca8af47 m=0 sigcode=18446744073709551610
signal arrived during cgo execution

goroutine 1 [syscall, locked to thread]:
runtime.cgocall(0x4afd50, 0xc420053cc0, 0xc420053ce8)
	/usr/lib/go-1.8/src/runtime/cgocall.go:131 +0xe2 fp=0xc420053c90 sp=0xc420053c50
github.com/docker/docker-credential-helpers/secretservice._Cfunc_free(0x25f2da0)
	github.com/docker/docker-credential-helpers/secretservice/_obj/_cgo_gotypes.go:111 +0x41 fp=0xc420053cc0 sp=0xc420053c90
github.com/docker/docker-credential-helpers/secretservice.Secretservice.List.func5(0x25f2da0)
	/build/golang-github-docker-docker-credential-helpers-cMhSy1/golang-github-docker-docker-credential-helpers-0.5.0/obj-x86_64-linux-gnu/src/github.com/docker/docker-credential-helpers/secretservice/secretservice_linux.go:96 +0x60 fp=0xc420053cf8 sp=0xc420053cc0
github.com/docker/docker-credential-helpers/secretservice.Secretservice.List(0x0, 0x756060, 0xc4200143a0)
	/build/golang-github-docker-docker-credential-helpers-cMhSy1/golang-github-docker-docker-credential-helpers-0.5.0/obj-x86_64-linux-gnu/src/github.com/docker/docker-credential-helpers/secretservice/secretservice_linux.go:97 +0x217 fp=0xc420053da0 sp=0xc420053cf8
github.com/docker/docker-credential-helpers/secretservice.(*Secretservice).List(0x77e548, 0xc420053e88, 0x410022, 0xc420014300)
	<autogenerated>:4 +0x46 fp=0xc420053de0 sp=0xc420053da0
github.com/docker/docker-credential-helpers/credentials.List(0x756ba0, 0x77e548, 0x7560e0, 0xc42000e018, 0x0, 0x10)
	/build/golang-github-docker-docker-credential-helpers-cMhSy1/golang-github-docker-docker-credential-helpers-0.5.0/obj-x86_64-linux-gnu/src/github.com/docker/docker-credential-helpers/credentials/credentials.go:145 +0x3e fp=0xc420053e68 sp=0xc420053de0
github.com/docker/docker-credential-helpers/credentials.HandleCommand(0x756ba0, 0x77e548, 0x7ffcce42c5bb, 0x4, 0x7560a0, 0xc42000e010, 0x7560e0, 0xc42000e018, 0x40e398, 0x4d35c0)
	/build/golang-github-docker-docker-credential-helpers-cMhSy1/golang-github-docker-docker-credential-helpers-0.5.0/obj-x86_64-linux-gnu/src/github.com/docker/docker-credential-helpers/credentials/credentials.go:60 +0x16d fp=0xc420053ed8 sp=0xc420053e68
github.com/docker/docker-credential-helpers/credentials.Serve(0x756ba0, 0x77e548)
	/build/golang-github-docker-docker-credential-helpers-cMhSy1/golang-github-docker-docker-credential-helpers-0.5.0/obj-x86_64-linux-gnu/src/github.com/docker/docker-credential-helpers/credentials/credentials.go:41 +0x1cb fp=0xc420053f58 sp=0xc420053ed8
main.main()
	/build/golang-github-docker-docker-credential-helpers-cMhSy1/golang-github-docker-docker-credential-helpers-0.5.0/secretservice/cmd/main_linux.go:9 +0x4f fp=0xc420053f88 sp=0xc420053f58
runtime.main()
	/usr/lib/go-1.8/src/runtime/proc.go:185 +0x20a fp=0xc420053fe0 sp=0xc420053f88
runtime.goexit()
	/usr/lib/go-1.8/src/runtime/asm_amd64.s:2197 +0x1 fp=0xc420053fe8 sp=0xc420053fe0

goroutine 17 [syscall, locked to thread]:
runtime.goexit()
	/usr/lib/go-1.8/src/runtime/asm_amd64.s:2197 +0x1

rax    0x0
rbx    0x7ffcce42a680
rcx    0x7f1a9ca8af47
rdx    0x0
rdi    0x2
rsi    0x7ffcce42a410
rbp    0x7ffcce42a780
rsp    0x7ffcce42a410
r8     0x0
r9     0x7ffcce42a410
r10    0x8
r11    0x246
r12    0x7ffcce42a680
r13    0x1000
r14    0x0
r15    0x30
rip    0x7f1a9ca8af47
rflags 0x246
cs     0x33
fs     0x0
gs     0x0
Sending build context to Docker daemon  2.048kB
Step 1/2 : ARG FPC_VERSION=latest
Step 2/2 : FROM hyperledger/fabric-private-chaincode-base:${FPC_VERSION}
 ---> 9c5c4b2fef01
Successfully built 9c5c4b2fef01
Successfully tagged hyperledger/fabric-private-chaincode-ccenv:latest
docker  tag hyperledger/fabric-private-chaincode-ccenv hyperledger/fabric-private-chaincode-ccenv:cr1.0.1
(cd ../..; \
         docker  build  --build-arg FPC_VERSION=cr1.0.1 -t hyperledger/fabric-private-chaincode-dev\
         \
         -f utils/docker/dev/Dockerfile\
         --build-arg FPC_REPO_URL=file:///tmp/cloned-local-fpc-git-repo\
         --build-arg FPC_REPO_BRANCH_TAG_OR_COMMIT=$(git rev-parse HEAD)\
         --build-arg SGX_MODE=SIM\
         . )
free(): invalid pointer
SIGABRT: abort
PC=0x7f0d67358f47 m=0 sigcode=18446744073709551610
signal arrived during cgo execution

goroutine 1 [syscall, locked to thread]:
runtime.cgocall(0x4afd50, 0xc420053cc0, 0xc420053ce8)
	/usr/lib/go-1.8/src/runtime/cgocall.go:131 +0xe2 fp=0xc420053c90 sp=0xc420053c50
github.com/docker/docker-credential-helpers/secretservice._Cfunc_free(0xadbda0)
	github.com/docker/docker-credential-helpers/secretservice/_obj/_cgo_gotypes.go:111 +0x41 fp=0xc420053cc0 sp=0xc420053c90
github.com/docker/docker-credential-helpers/secretservice.Secretservice.List.func5(0xadbda0)
	/build/golang-github-docker-docker-credential-helpers-cMhSy1/golang-github-docker-docker-credential-helpers-0.5.0/obj-x86_64-linux-gnu/src/github.com/docker/docker-credential-helpers/secretservice/secretservice_linux.go:96 +0x60 fp=0xc420053cf8 sp=0xc420053cc0
github.com/docker/docker-credential-helpers/secretservice.Secretservice.List(0x0, 0x756060, 0xc4200143a0)
	/build/golang-github-docker-docker-credential-helpers-cMhSy1/golang-github-docker-docker-credential-helpers-0.5.0/obj-x86_64-linux-gnu/src/github.com/docker/docker-credential-helpers/secretservice/secretservice_linux.go:97 +0x217 fp=0xc420053da0 sp=0xc420053cf8
github.com/docker/docker-credential-helpers/secretservice.(*Secretservice).List(0x77e548, 0xc420053e88, 0x410022, 0xc420014300)
	<autogenerated>:4 +0x46 fp=0xc420053de0 sp=0xc420053da0
github.com/docker/docker-credential-helpers/credentials.List(0x756ba0, 0x77e548, 0x7560e0, 0xc42000e018, 0x0, 0x10)
	/build/golang-github-docker-docker-credential-helpers-cMhSy1/golang-github-docker-docker-credential-helpers-0.5.0/obj-x86_64-linux-gnu/src/github.com/docker/docker-credential-helpers/credentials/credentials.go:145 +0x3e fp=0xc420053e68 sp=0xc420053de0
github.com/docker/docker-credential-helpers/credentials.HandleCommand(0x756ba0, 0x77e548, 0x7fffcfe1956b, 0x4, 0x7560a0, 0xc42000e010, 0x7560e0, 0xc42000e018, 0x40e398, 0x4d35c0)
	/build/golang-github-docker-docker-credential-helpers-cMhSy1/golang-github-docker-docker-credential-helpers-0.5.0/obj-x86_64-linux-gnu/src/github.com/docker/docker-credential-helpers/credentials/credentials.go:60 +0x16d fp=0xc420053ed8 sp=0xc420053e68
github.com/docker/docker-credential-helpers/credentials.Serve(0x756ba0, 0x77e548)
	/build/golang-github-docker-docker-credential-helpers-cMhSy1/golang-github-docker-docker-credential-helpers-0.5.0/obj-x86_64-linux-gnu/src/github.com/docker/docker-credential-helpers/credentials/credentials.go:41 +0x1cb fp=0xc420053f58 sp=0xc420053ed8
main.main()
	/build/golang-github-docker-docker-credential-helpers-cMhSy1/golang-github-docker-docker-credential-helpers-0.5.0/secretservice/cmd/main_linux.go:9 +0x4f fp=0xc420053f88 sp=0xc420053f58
runtime.main()
	/usr/lib/go-1.8/src/runtime/proc.go:185 +0x20a fp=0xc420053fe0 sp=0xc420053f88
runtime.goexit()
	/usr/lib/go-1.8/src/runtime/asm_amd64.s:2197 +0x1 fp=0xc420053fe8 sp=0xc420053fe0

goroutine 17 [syscall, locked to thread]:
runtime.goexit()
	/usr/lib/go-1.8/src/runtime/asm_amd64.s:2197 +0x1

rax    0x0
rbx    0x7fffcfe17570
rcx    0x7f0d67358f47
rdx    0x0
rdi    0x2
rsi    0x7fffcfe17300
rbp    0x7fffcfe17670
rsp    0x7fffcfe17300
r8     0x0
r9     0x7fffcfe17300
r10    0x8
r11    0x246
r12    0x7fffcfe17570
r13    0x1000
r14    0x0
r15    0x30
rip    0x7f0d67358f47
rflags 0x246
cs     0x33
fs     0x0
gs     0x0
Sending build context to Docker daemon  16.79MB
Step 1/41 : ARG FPC_VERSION=latest
Step 2/41 : FROM hyperledger/fabric-private-chaincode-base:${FPC_VERSION}
 ---> 9c5c4b2fef01
Step 3/41 : ARG GO_VERSION=go1.13
 ---> Using cache
 ---> 7f2665a901b2
Step 4/41 : ARG GO_TAR=$GO_VERSION.linux-amd64.tar.gz
 ---> Using cache
 ---> e94f15b2019e
Step 5/41 : ARG NANOPB_VERSION=0.3.9.2
 ---> Using cache
 ---> c17f77d7edc8
Step 6/41 : ARG FABRIC_REPO=https://github.com/hyperledger/fabric.git
 ---> Using cache
 ---> 10c2814dca38
Step 7/41 : ARG FABRIC_VERSION=1.4.3
 ---> Using cache
 ---> 424826d696e1
Step 8/41 : ARG FPC_REPO_URL=https://github.com/hyperledger-labs/fabric-private-chaincode.git
 ---> Using cache
 ---> ad665d6db9fe
Step 9/41 : ARG FPC_REPO_BRANCH_TAG_OR_COMMIT=master
 ---> Using cache
 ---> 66a5e1008093
Step 10/41 : ARG OPENSSL_VERSION=1.1.0j
 ---> Using cache
 ---> fdee3c4b0e9f
Step 11/41 : ARG SGXSSL_VERSION=v2.4.1
 ---> Using cache
 ---> 970a4d72a379
Step 12/41 : ARG SGX_MODE=SIM
 ---> Using cache
 ---> 51d98a5f0438
Step 13/41 : ARG APT_ADD_PKGS=
 ---> Using cache
 ---> 68fbb95e9372
Step 14/41 : ENV NANOPB_VERSION=${NANOPB_VERSION}
 ---> Using cache
 ---> 1362a746039b
Step 15/41 : ENV FABRIC_VERSION=${FABRIC_VERSION}
 ---> Using cache
 ---> f86fdf82eb96
Step 16/41 : ENV OPENSSL_VERSION=${OPENSSL_VERSION}
 ---> Using cache
 ---> 25115cce9864
Step 17/41 : ENV SGXSSL_VERSION=${SGXSSL_VERSION}
 ---> Using cache
 ---> 4b7f38461dd0
Step 18/41 : ENV SGX_MODE=${SGX_MODE}
 ---> Using cache
 ---> 3bbc40e6b466
Step 19/41 : WORKDIR /tmp
 ---> Using cache
 ---> ec7fb278ff9e
Step 20/41 : RUN apt-get update  && apt-get install -y     apt-utils     docker.io     clang-format     $APT_ADD_PKGS
 ---> Using cache
 ---> eb6494042622
Step 21/41 : RUN wget https://dl.google.com/go/$GO_TAR  && tar -xf $GO_TAR  && mv go /usr/local  && rm $GO_TAR  && mkdir -p /project
 ---> Using cache
 ---> e8c53e3b2835
Step 22/41 : ENV GOROOT=/usr/local/go
 ---> Using cache
 ---> dd5be9192173
Step 23/41 : ENV GOPATH=/project
 ---> Using cache
 ---> c0082ba1d134
Step 24/41 : ENV GO111MODULE=on
 ---> Using cache
 ---> 9ee1665de3db
Step 25/41 : ENV GOPROXY=https://goproxy.cn,direct
 ---> Using cache
 ---> 78a9b43d8374
Step 26/41 : ENV PATH=$GOPATH/bin:$GOROOT/bin:$PATH
 ---> Using cache
 ---> f524e90f3880
Step 27/41 : ENV SGX_SSL /opt/intel/sgxssl
 ---> Using cache
 ---> ec6912a12cfd
Step 28/41 : RUN wget https://www.openssl.org/source/openssl-${OPENSSL_VERSION}.tar.gz  && git config --global http.proxy http://172.171.2.17:7890  && git config --global https.proxy http://172.171.2.17:7890  && git clone  --branch ${SGXSSL_VERSION} https://github.com/intel/intel-sgx-ssl.git  && . $SGX_SDK/environment  && (cd intel-sgx-ssl/openssl_source; mv /tmp/openssl-${OPENSSL_VERSION}.tar.gz . )  && (cd intel-sgx-ssl/Linux; make SGX_MODE=SIM DESTDIR=$SGX_SSL all test )  && (cd intel-sgx-ssl/Linux; make install )  && rm -rf /tmp/intel-sgx-ssl
 ---> Using cache
 ---> b4e2639c7fe8
Step 29/41 : ENV NANOPB_PATH=/usr/local/nanopb/
 ---> Using cache
 ---> 534e0175e620
Step 30/41 : RUN git clone https://github.com/nanopb/nanopb.git $NANOPB_PATH  && cd $NANOPB_PATH  && git checkout nanopb-$NANOPB_VERSION  && cd generator/proto  && make
 ---> Using cache
 ---> 90f63ad838af
Step 31/41 : RUN go get github.com/golang/protobuf/proto  && go get github.com/pkg/errors  && go get golang.org/x/tools/cmd/goimports  && go get golang.org/x/sync/semaphore  && go get github.com/spf13/viper
 ---> Using cache
 ---> 21dd261fd1b7
Step 32/41 : ENV GO111MODULE=off
 ---> Using cache
 ---> 3b884ec646be
Step 33/41 : ENV FABRIC_PATH=$GOPATH/src/github.com/hyperledger/fabric
 ---> Using cache
 ---> f397c6c80e79
Step 34/41 : RUN git clone $FABRIC_REPO $FABRIC_PATH  && cd $FABRIC_PATH  && git checkout v$FABRIC_VERSION
 ---> Using cache
 ---> ca6e8f05ec70
Step 35/41 : ENV FPC_PATH=$GOPATH/src/github.com/hyperledger-labs/fabric-private-chaincode
 ---> Using cache
 ---> 7fbc3c45c327
Step 36/41 : COPY .git /tmp/cloned-local-fpc-git-repo
 ---> Using cache
 ---> bf00183093a7
Step 37/41 : RUN git clone $FPC_REPO_URL $FPC_PATH   && cd $FPC_PATH   && git checkout $FPC_REPO_BRANCH_TAG_OR_COMMIT
 ---> Using cache
 ---> c5a455e33956
Step 38/41 : RUN cd $FABRIC_PATH  && git config user.email "FPC"  && git am $FPC_PATH/fabric/*patch  && git config --unset user.email  && GO_TAGS=pluginsenabled make peer orderer cryptogen configtxgen
 ---> Using cache
 ---> 699594c159c3
Step 39/41 : RUN apt install -y 	jq 	psmisc 	bc 	docker-compose
 ---> Using cache
 ---> 2349119e7a57
Step 40/41 : ENV GO111MODULE=on
 ---> Using cache
 ---> 41ddabdb61c7
Step 41/41 : WORKDIR $FPC_PATH
 ---> Using cache
 ---> 485782e70144
Successfully built 485782e70144
Successfully tagged hyperledger/fabric-private-chaincode-dev:latest
docker  tag hyperledger/fabric-private-chaincode-dev hyperledger/fabric-private-chaincode-dev:cr1.0.1
docker  build  --build-arg FPC_VERSION=cr1.0.1 \
	-t hyperledger/fabric-private-chaincode-cc-builder\
	--build-arg SGX_MODE=SIM\
	cc-builder
free(): invalid pointer
SIGABRT: abort
PC=0x7f5fa64e3f47 m=0 sigcode=18446744073709551610
signal arrived during cgo execution

goroutine 1 [syscall, locked to thread]:
runtime.cgocall(0x4afd50, 0xc420053cc0, 0xc420053ce8)
	/usr/lib/go-1.8/src/runtime/cgocall.go:131 +0xe2 fp=0xc420053c90 sp=0xc420053c50
github.com/docker/docker-credential-helpers/secretservice._Cfunc_free(0x24efda0)
	github.com/docker/docker-credential-helpers/secretservice/_obj/_cgo_gotypes.go:111 +0x41 fp=0xc420053cc0 sp=0xc420053c90
github.com/docker/docker-credential-helpers/secretservice.Secretservice.List.func5(0x24efda0)
	/build/golang-github-docker-docker-credential-helpers-cMhSy1/golang-github-docker-docker-credential-helpers-0.5.0/obj-x86_64-linux-gnu/src/github.com/docker/docker-credential-helpers/secretservice/secretservice_linux.go:96 +0x60 fp=0xc420053cf8 sp=0xc420053cc0
github.com/docker/docker-credential-helpers/secretservice.Secretservice.List(0x0, 0x756060, 0xc4200143a0)
	/build/golang-github-docker-docker-credential-helpers-cMhSy1/golang-github-docker-docker-credential-helpers-0.5.0/obj-x86_64-linux-gnu/src/github.com/docker/docker-credential-helpers/secretservice/secretservice_linux.go:97 +0x217 fp=0xc420053da0 sp=0xc420053cf8
github.com/docker/docker-credential-helpers/secretservice.(*Secretservice).List(0x77e548, 0xc420053e88, 0x410022, 0xc420014300)
	<autogenerated>:4 +0x46 fp=0xc420053de0 sp=0xc420053da0
github.com/docker/docker-credential-helpers/credentials.List(0x756ba0, 0x77e548, 0x7560e0, 0xc42000e018, 0x0, 0x10)
	/build/golang-github-docker-docker-credential-helpers-cMhSy1/golang-github-docker-docker-credential-helpers-0.5.0/obj-x86_64-linux-gnu/src/github.com/docker/docker-credential-helpers/credentials/credentials.go:145 +0x3e fp=0xc420053e68 sp=0xc420053de0
github.com/docker/docker-credential-helpers/credentials.HandleCommand(0x756ba0, 0x77e548, 0x7ffd759ee5bb, 0x4, 0x7560a0, 0xc42000e010, 0x7560e0, 0xc42000e018, 0x40e398, 0x4d35c0)
	/build/golang-github-docker-docker-credential-helpers-cMhSy1/golang-github-docker-docker-credential-helpers-0.5.0/obj-x86_64-linux-gnu/src/github.com/docker/docker-credential-helpers/credentials/credentials.go:60 +0x16d fp=0xc420053ed8 sp=0xc420053e68
github.com/docker/docker-credential-helpers/credentials.Serve(0x756ba0, 0x77e548)
	/build/golang-github-docker-docker-credential-helpers-cMhSy1/golang-github-docker-docker-credential-helpers-0.5.0/obj-x86_64-linux-gnu/src/github.com/docker/docker-credential-helpers/credentials/credentials.go:41 +0x1cb fp=0xc420053f58 sp=0xc420053ed8
main.main()
	/build/golang-github-docker-docker-credential-helpers-cMhSy1/golang-github-docker-docker-credential-helpers-0.5.0/secretservice/cmd/main_linux.go:9 +0x4f fp=0xc420053f88 sp=0xc420053f58
runtime.main()
	/usr/lib/go-1.8/src/runtime/proc.go:185 +0x20a fp=0xc420053fe0 sp=0xc420053f88
runtime.goexit()
	/usr/lib/go-1.8/src/runtime/asm_amd64.s:2197 +0x1 fp=0xc420053fe8 sp=0xc420053fe0

goroutine 17 [syscall, locked to thread]:
runtime.goexit()
	/usr/lib/go-1.8/src/runtime/asm_amd64.s:2197 +0x1

rax    0x0
rbx    0x7ffd759ed890
rcx    0x7f5fa64e3f47
rdx    0x0
rdi    0x2
rsi    0x7ffd759ed620
rbp    0x7ffd759ed990
rsp    0x7ffd759ed620
r8     0x0
r9     0x7ffd759ed620
r10    0x8
r11    0x246
r12    0x7ffd759ed890
r13    0x1000
r14    0x0
r15    0x30
rip    0x7f5fa64e3f47
rflags 0x246
cs     0x33
fs     0x0
gs     0x0
Sending build context to Docker daemon  2.048kB
Step 1/7 : ARG FPC_VERSION=latest
Step 2/7 : FROM hyperledger/fabric-private-chaincode-dev:${FPC_VERSION}
 ---> 485782e70144
Step 3/7 : ARG SGX_MODE=SIM
 ---> Using cache
 ---> 1700c9cfedf2
Step 4/7 : ENV SGX_MODE=${SGX_MODE}
 ---> Using cache
 ---> 49146e3fdac1
Step 5/7 : RUN cd $FPC_PATH
 ---> Using cache
 ---> fc0e1a419c73
Step 6/7 : RUN make fpc-sdk
 ---> Running in b0f1fede2324
# install goimports if not present
go  get golang.org/x/tools/cmd/goimports
go: finding golang.org/x/tools latest
go  get github.com/spf13/viper
go  get golang.org/x/sync/semaphore
go: finding golang.org/x/sync latest
go  get github.com/pkg/errors
go  get github.com/golang/protobuf/proto
go  get github.com/onsi/ginkgo
go: finding github.com/onsi/ginkgo v1.14.0
go: downloading github.com/onsi/ginkgo v1.14.0
go: extracting github.com/onsi/ginkgo v1.14.0
go: downloading golang.org/x/sys v0.0.0-20200519105757-fe76b779f299
go: downloading github.com/nxadm/tail v1.4.4
go: extracting github.com/nxadm/tail v1.4.4
go: downloading gopkg.in/tomb.v1 v1.0.0-20141024135613-dd632973f1e7
go: downloading github.com/fsnotify/fsnotify v1.4.9
go: extracting gopkg.in/tomb.v1 v1.0.0-20141024135613-dd632973f1e7
go: extracting github.com/fsnotify/fsnotify v1.4.9
go: extracting golang.org/x/sys v0.0.0-20200519105757-fe76b779f299
go: finding github.com/nxadm/tail v1.4.4
go: finding golang.org/x/sys v0.0.0-20200519105757-fe76b779f299
go: finding gopkg.in/tomb.v1 v1.0.0-20141024135613-dd632973f1e7
go: finding github.com/fsnotify/fsnotify v1.4.9
go  get github.com/onsi/gomega
go: finding github.com/onsi/gomega v1.10.1
go: downloading github.com/onsi/gomega v1.10.1
go: extracting github.com/onsi/gomega v1.10.1
go: downloading golang.org/x/net v0.0.0-20200520004742-59133d7f0dd7
go: downloading gopkg.in/yaml.v2 v2.3.0
go: extracting gopkg.in/yaml.v2 v2.3.0
go: extracting golang.org/x/net v0.0.0-20200520004742-59133d7f0dd7
go: downloading golang.org/x/text v0.3.0
go: extracting golang.org/x/text v0.3.0
go: finding golang.org/x/net v0.0.0-20200520004742-59133d7f0dd7
go: finding gopkg.in/yaml.v2 v2.3.0
go: finding golang.org/x/text v0.3.0
go  get github.com/gin-contrib/cors
go: finding github.com/gin-contrib/cors v1.3.1
go: downloading github.com/gin-contrib/cors v1.3.1
go: extracting github.com/gin-contrib/cors v1.3.1
go: downloading github.com/gin-gonic/gin v1.5.0
go: extracting github.com/gin-gonic/gin v1.5.0
go: downloading github.com/mattn/go-isatty v0.0.9
go: downloading github.com/gin-contrib/sse v0.1.0
go: downloading github.com/json-iterator/go v1.1.7
go: downloading github.com/golang/protobuf v1.3.2
go: downloading github.com/ugorji/go v1.1.7
go: downloading gopkg.in/yaml.v2 v2.2.2
go: downloading gopkg.in/go-playground/validator.v9 v9.29.1
go: extracting github.com/mattn/go-isatty v0.0.9
go: extracting github.com/gin-contrib/sse v0.1.0
go: extracting github.com/ugorji/go v1.1.7
go: downloading golang.org/x/sys v0.0.0-20190813064441-fde4db37ae7a
go: downloading github.com/ugorji/go/codec v1.1.7
go: extracting gopkg.in/go-playground/validator.v9 v9.29.1
go: downloading github.com/leodido/go-urn v1.1.0
go: downloading github.com/go-playground/universal-translator v0.16.0
go: extracting github.com/leodido/go-urn v1.1.0
go: extracting github.com/go-playground/universal-translator v0.16.0
go: extracting gopkg.in/yaml.v2 v2.2.2
go: downloading github.com/go-playground/locales v0.12.1
go: extracting github.com/json-iterator/go v1.1.7
go: downloading github.com/modern-go/concurrent v0.0.0-20180228061459-e0a39a4cb421
go: downloading github.com/modern-go/reflect2 v0.0.0-20180701023420-4b7aa43c6742
go: extracting github.com/golang/protobuf v1.3.2
go: extracting github.com/modern-go/concurrent v0.0.0-20180228061459-e0a39a4cb421
go: extracting github.com/modern-go/reflect2 v0.0.0-20180701023420-4b7aa43c6742
go: extracting github.com/ugorji/go/codec v1.1.7
go: extracting golang.org/x/sys v0.0.0-20190813064441-fde4db37ae7a
go: extracting github.com/go-playground/locales v0.12.1
go: finding github.com/gin-gonic/gin v1.5.0
go: finding github.com/mattn/go-isatty v0.0.9
go: finding github.com/gin-contrib/sse v0.1.0
go: finding gopkg.in/yaml.v2 v2.2.2
go: finding gopkg.in/go-playground/validator.v9 v9.29.1
go: finding github.com/ugorji/go/codec v1.1.7
go: finding github.com/golang/protobuf v1.3.2
go: finding github.com/go-playground/universal-translator v0.16.0
go: finding github.com/leodido/go-urn v1.1.0
go: finding golang.org/x/sys v0.0.0-20190813064441-fde4db37ae7a
go: finding github.com/go-playground/locales v0.12.1
go  get github.com/gin-gonic/gin
go: finding github.com/gin-gonic/gin v1.6.3
go: downloading github.com/gin-gonic/gin v1.6.3
go: extracting github.com/gin-gonic/gin v1.6.3
go: downloading github.com/mattn/go-isatty v0.0.12
go: downloading gopkg.in/yaml.v2 v2.2.8
go: downloading github.com/go-playground/validator/v10 v10.2.0
go: downloading github.com/json-iterator/go v1.1.9
go: extracting github.com/mattn/go-isatty v0.0.12
go: downloading github.com/golang/protobuf v1.3.3
go: downloading golang.org/x/sys v0.0.0-20200116001909-b77594299b42
go: extracting gopkg.in/yaml.v2 v2.2.8
go: extracting github.com/go-playground/validator/v10 v10.2.0
go: downloading github.com/go-playground/universal-translator v0.17.0
go: downloading github.com/leodido/go-urn v1.2.0
go: extracting github.com/json-iterator/go v1.1.9
go: extracting github.com/go-playground/universal-translator v0.17.0
go: downloading github.com/go-playground/locales v0.13.0
go: extracting github.com/golang/protobuf v1.3.3
go: extracting github.com/leodido/go-urn v1.2.0
go: extracting golang.org/x/sys v0.0.0-20200116001909-b77594299b42
go: extracting github.com/go-playground/locales v0.13.0
go: finding github.com/mattn/go-isatty v0.0.12
go: finding github.com/go-playground/validator/v10 v10.2.0
go: finding github.com/golang/protobuf v1.3.3
go: finding gopkg.in/yaml.v2 v2.2.8
go: finding golang.org/x/sys v0.0.0-20200116001909-b77594299b42
go: finding github.com/go-playground/universal-translator v0.17.0
go: finding github.com/leodido/go-urn v1.2.0
go: finding github.com/go-playground/locales v0.13.0
go  get github.com/dustin/go-broadcast
go: finding github.com/dustin/go-broadcast latest
go: downloading github.com/dustin/go-broadcast v0.0.0-20171205050544-f664265f5a66
go: extracting github.com/dustin/go-broadcast v0.0.0-20171205050544-f664265f5a66
make -C utils/fabric build || exit;  make -C ecc_enclave build || exit;  make -C ecc build || exit;
make[1]: Entering directory '/project/src/github.com/hyperledger-labs/fabric-private-chaincode/utils/fabric'
go  build get-fabric-container-name.go
go: finding github.com/hyperledger/fabric v2.1.1+incompatible
go: downloading github.com/hyperledger/fabric v2.1.1+incompatible
go: extracting github.com/hyperledger/fabric v2.1.1+incompatible
go: finding github.com/sykesm/zap-logfmt v0.0.3
go: downloading github.com/sykesm/zap-logfmt v0.0.3
go: finding github.com/hyperledger/fabric-protos-go latest
go: finding google.golang.org/grpc v1.31.1
go: downloading google.golang.org/grpc v1.31.1
go: finding github.com/fsouza/go-dockerclient v1.6.5
go: downloading github.com/hyperledger/fabric-protos-go v0.0.0-20200819205323-f34c922b9e79
go: finding github.com/grpc-ecosystem/go-grpc-middleware v1.2.1
go: downloading github.com/fsouza/go-dockerclient v1.6.5
go: extracting github.com/sykesm/zap-logfmt v0.0.3
go: downloading github.com/grpc-ecosystem/go-grpc-middleware v1.2.1
go: extracting github.com/fsouza/go-dockerclient v1.6.5
go: extracting google.golang.org/grpc v1.31.1
go: extracting github.com/hyperledger/fabric-protos-go v0.0.0-20200819205323-f34c922b9e79
go: extracting github.com/grpc-ecosystem/go-grpc-middleware v1.2.1
go: finding go.uber.org/zap v1.15.0
go: downloading go.uber.org/zap v1.15.0
go: finding github.com/hyperledger/fabric-amcl latest
go: finding golang.org/x/crypto latest
go: extracting go.uber.org/zap v1.15.0
go: downloading golang.org/x/crypto v0.0.0-20200820211705-5c72a883971a
go: downloading github.com/hyperledger/fabric-amcl v0.0.0-20200424173818-327c9e2cf77a
go: extracting github.com/hyperledger/fabric-amcl v0.0.0-20200424173818-327c9e2cf77a
go: extracting golang.org/x/crypto v0.0.0-20200820211705-5c72a883971a
go: downloading google.golang.org/genproto v0.0.0-20200423170343-7949de9c1215
go: downloading github.com/docker/docker v1.4.2-0.20191101170500-ac7306503d23
go: downloading golang.org/x/net v0.0.0-20200421231249-e086a090c8fd
go: downloading go.uber.org/atomic v1.6.0
go: extracting go.uber.org/atomic v1.6.0
go: extracting golang.org/x/net v0.0.0-20200421231249-e086a090c8fd
go: downloading github.com/docker/go-units v0.4.0
go: downloading go.uber.org/multierr v1.5.0
go: extracting github.com/docker/docker v1.4.2-0.20191101170500-ac7306503d23
go: downloading golang.org/x/sys v0.0.0-20200420163511-1957bb5e6d1f
go: downloading github.com/sirupsen/logrus v1.4.2
go: downloading github.com/morikuni/aec v1.0.0
go: downloading github.com/opencontainers/image-spec v1.0.1
go: downloading github.com/opencontainers/runc v0.1.1
go: downloading github.com/gogo/protobuf v1.3.1
go: extracting github.com/docker/go-units v0.4.0
go: extracting go.uber.org/multierr v1.5.0
go: downloading github.com/docker/go-connections v0.4.0
go: downloading github.com/docker/distribution v2.7.1+incompatible
go: extracting github.com/morikuni/aec v1.0.0
go: extracting github.com/sirupsen/logrus v1.4.2
go: downloading github.com/containerd/containerd v1.3.0
go: downloading github.com/containerd/continuity v0.0.0-20200228182428-0f16d7a0959c
go: extracting github.com/docker/go-connections v0.4.0
go: extracting github.com/opencontainers/image-spec v1.0.1
go: downloading github.com/opencontainers/go-digest v1.0.0-rc1
go: extracting github.com/opencontainers/go-digest v1.0.0-rc1
go: extracting github.com/containerd/continuity v0.0.0-20200228182428-0f16d7a0959c
go: downloading golang.org/x/sync v0.0.0-20190423024810-112230192c58
go: extracting golang.org/x/sync v0.0.0-20190423024810-112230192c58
go: extracting github.com/docker/distribution v2.7.1+incompatible
go: extracting github.com/opencontainers/runc v0.1.1
go: extracting github.com/containerd/containerd v1.3.0
go: extracting golang.org/x/sys v0.0.0-20200420163511-1957bb5e6d1f
go: extracting github.com/gogo/protobuf v1.3.1
go: extracting google.golang.org/genproto v0.0.0-20200423170343-7949de9c1215
go: finding golang.org/x/net v0.0.0-20200421231249-e086a090c8fd
go: finding google.golang.org/genproto v0.0.0-20200423170343-7949de9c1215
go: finding golang.org/x/sys v0.0.0-20200420163511-1957bb5e6d1f
go: finding go.uber.org/atomic v1.6.0
go: finding go.uber.org/multierr v1.5.0
go: finding github.com/docker/docker v1.4.2-0.20191101170500-ac7306503d23
go: finding github.com/opencontainers/image-spec v1.0.1
go: finding github.com/opencontainers/go-digest v1.0.0-rc1
go: finding github.com/docker/go-connections v0.4.0
go: finding github.com/docker/go-units v0.4.0
go: finding github.com/containerd/containerd v1.3.0
go: finding github.com/docker/distribution v2.7.1+incompatible
go: finding github.com/sirupsen/logrus v1.4.2
go: finding github.com/gogo/protobuf v1.3.1
go: finding github.com/containerd/continuity v0.0.0-20200228182428-0f16d7a0959c
go: finding golang.org/x/sync v0.0.0-20190423024810-112230192c58
go: finding github.com/opencontainers/runc v0.1.1
go: finding github.com/morikuni/aec v1.0.0
# command-line-arguments
./get-fabric-container-name.go:36:10: undefined: ccintf.CCID
make[1]: *** [get-fabric-container-name] Error 2
Makefile:14: recipe for target 'get-fabric-container-name' failed
make[1]: Leaving directory '/project/src/github.com/hyperledger-labs/fabric-private-chaincode/utils/fabric'
make: *** [fpc-sdk] Error 2
Makefile:52: recipe for target 'fpc-sdk' failed
The command '/bin/sh -c make fpc-sdk' returned a non-zero code: 2
Makefile:154: recipe for target 'cc-builder' failed
make[2]: *** [cc-builder] Error 2
make[2]: Leaving directory '/project/src/github.com/hyperledger-labs/fabric-private-chaincode/utils/docker'
Makefile:11: recipe for target 'build' failed
make[1]: *** [build] Error 2
make[1]: Leaving directory '/project/src/github.com/hyperledger-labs/fabric-private-chaincode/utils'
Makefile:18: recipe for target 'build' failed
make: *** [build] Error 2
